  Moc'ing LSIProjectGUI.h...
  Uic'ing LSIProjectGUI.ui...
  Moc'ing qcustomplot.h...
  Rcc'ing LSIProjectGUI.qrc...
RCC : warning : No resources in 'C:\Users\Alita\Documents\Visual Studio 2015\Projects\LSI\LSI Project GUI\LSI Project GUI\LSIProjectGUI.qrc'.
  
  ButtonClass.cpp
  FrameClass.cpp
  Free-Functions.cpp
  moc_LSIProjectGUI.cpp
  moc_qcustomplot.cpp
  GUIclass.cpp
  LSIProjectGUI.cpp
  main.cpp
  qcustomplot.cpp
C:\Program Files (x86)\Microsoft Visual Studio 14.0\VC\include\xutility(2372): warning C4996: 'std::copy::_Unchecked_iterators::_Deprecate': Call to 'std::copy' with parameters that may be unsafe - this call relies on the caller to check that the passed values are correct. To disable this warning, use -D_SCL_SECURE_NO_WARNINGS. See documentation on how to use Visual C++ 'Checked Iterators'
  C:\Program Files (x86)\Microsoft Visual Studio 14.0\VC\include\xutility(2372): note: see declaration of 'std::copy::_Unchecked_iterators::_Deprecate'
  c:\users\alita\documents\visual studio 2015\projects\lsi\lsi project gui\lsi project gui\qcustomplot.h(2686): note: see reference to function template instantiation '_OutIt *std::copy<const QCPGraphData*,QCPGraphData*>(_InIt,_InIt,_OutIt)' being compiled
          with
          [
              _OutIt=QCPGraphData *,
              _InIt=const QCPGraphData *
          ]
  c:\users\alita\documents\visual studio 2015\projects\lsi\lsi project gui\lsi project gui\qcustomplot.h(2669): note: while compiling class template member function 'void QCPDataContainer<QCPGraphData>::add(const QVector<QCPGraphData> &,bool)'
  qcustomplot.cpp(19970): note: see reference to function template instantiation 'void QCPDataContainer<QCPGraphData>::add(const QVector<QCPGraphData> &,bool)' being compiled
  c:\users\alita\documents\visual studio 2015\projects\lsi\lsi project gui\lsi project gui\qcustomplot.h(5194): note: see reference to class template instantiation 'QCPDataContainer<QCPGraphData>' being compiled
C:\Program Files (x86)\Microsoft Visual Studio 14.0\VC\include\xutility(2568): warning C4996: 'std::copy_backward::_Unchecked_iterators::_Deprecate': Call to 'std::copy_backward' with parameters that may be unsafe - this call relies on the caller to check that the passed values are correct. To disable this warning, use -D_SCL_SECURE_NO_WARNINGS. See documentation on how to use Visual C++ 'Checked Iterators'
  C:\Program Files (x86)\Microsoft Visual Studio 14.0\VC\include\xutility(2568): note: see declaration of 'std::copy_backward::_Unchecked_iterators::_Deprecate'
  c:\users\alita\documents\visual studio 2015\projects\lsi\lsi project gui\lsi project gui\qcustomplot.h(3163): note: see reference to function template instantiation '_BidIt2 *std::copy_backward<QCPGraphData*,QCPGraphData*>(_BidIt1,_BidIt1,_BidIt2)' being compiled
          with
          [
              _BidIt2=QCPGraphData *,
              _BidIt1=QCPGraphData *
          ]
  c:\users\alita\documents\visual studio 2015\projects\lsi\lsi project gui\lsi project gui\qcustomplot.h(3153): note: while compiling class template member function 'void QCPDataContainer<QCPGraphData>::preallocateGrow(int)'
  c:\users\alita\documents\visual studio 2015\projects\lsi\lsi project gui\lsi project gui\qcustomplot.h(2713): note: see reference to function template instantiation 'void QCPDataContainer<QCPGraphData>::preallocateGrow(int)' being compiled
  c:\users\alita\documents\visual studio 2015\projects\lsi\lsi project gui\lsi project gui\qcustomplot.h(2706): note: while compiling class template member function 'void QCPDataContainer<QCPGraphData>::add(const DataType &)'
          with
          [
              DataType=QCPGraphData
          ]
  qcustomplot.cpp(19982): note: see reference to function template instantiation 'void QCPDataContainer<QCPGraphData>::add(const DataType &)' being compiled
          with
          [
              DataType=QCPGraphData
          ]
  ROIclass.cpp
  Test-Function.cpp
  Generating Code...
  qrc_LSIProjectGUI.cpp
  LSI Project GUI.vcxproj -> C:\Users\Alita\Documents\Visual Studio 2015\Projects\LSI\LSI Project GUI\x64\Debug\LSI Project GUI.exe
  LSI Project GUI.vcxproj -> C:\Users\Alita\Documents\Visual Studio 2015\Projects\LSI\LSI Project GUI\x64\Debug\LSI Project GUI.pdb (Full PDB)
